 WARN  Moving @tailwindcss/postcss that was installed by a different package manager to "node_modules/.ignored"
 WARN  Moving @types/node that was installed by a different package manager to "node_modules/.ignored"
 WARN  Moving @types/react that was installed by a different package manager to "node_modules/.ignored"
 WARN  Moving postcss that was installed by a different package manager to "node_modules/.ignored"
 WARN  Moving tailwindcss that was installed by a different package manager to "node_modules/.ignored"
 WARN  Moving tw-animate-css that was installed by a different package manager to "node_modules/.ignored"
 WARN  Moving typescript that was installed by a different package manager to "node_modules/.ignored"
 WARN  Moving @babel/runtime that was installed by a different package manager to "node_modules/.ignored"
 WARN  Moving @types/react-dom that was installed by a different package manager to "node_modules/.ignored"
 WARN  Moving @codemirror/lang-javascript that was installed by a different package manager to "node_modules/.ignored"
 WARN  Moving @codemirror/lang-jinja that was installed by a different package manager to "node_modules/.ignored"
 WARN  Moving @codemirror/lang-json that was installed by a different package manager to "node_modules/.ignored"
 WARN  Moving @codemirror/legacy-modes that was installed by a different package manager to "node_modules/.ignored"
 WARN  Moving @codemirror/state that was installed by a different package manager to "node_modules/.ignored"
 WARN  Moving @codemirror/theme-one-dark that was installed by a different package manager to "node_modules/.ignored"
 WARN  Moving @codemirror/view that was installed by a different package manager to "node_modules/.ignored"
 WARN  Moving @hookform/resolvers that was installed by a different package manager to "node_modules/.ignored"
 WARN  Moving @jsonforms/core that was installed by a different package manager to "node_modules/.ignored"
 WARN  Moving @jsonforms/react that was installed by a different package manager to "node_modules/.ignored"
 WARN  Moving @jsonforms/vanilla-renderers that was installed by a different package manager to "node_modules/.ignored"
 WARN  Moving @radix-ui/react-accordion that was installed by a different package manager to "node_modules/.ignored"
 WARN  Moving @radix-ui/react-alert-dialog that was installed by a different package manager to "node_modules/.ignored"
 WARN  Moving @radix-ui/react-aspect-ratio that was installed by a different package manager to "node_modules/.ignored"
 WARN  Moving @radix-ui/react-avatar that was installed by a different package manager to "node_modules/.ignored"
 WARN  Moving @radix-ui/react-checkbox that was installed by a different package manager to "node_modules/.ignored"
 WARN  Moving @radix-ui/react-collapsible that was installed by a different package manager to "node_modules/.ignored"
 WARN  Moving @radix-ui/react-context-menu that was installed by a different package manager to "node_modules/.ignored"
 WARN  Moving @radix-ui/react-dialog that was installed by a different package manager to "node_modules/.ignored"
 WARN  Moving @radix-ui/react-dropdown-menu that was installed by a different package manager to "node_modules/.ignored"
 WARN  Moving @radix-ui/react-hover-card that was installed by a different package manager to "node_modules/.ignored"
 WARN  Moving @radix-ui/react-label that was installed by a different package manager to "node_modules/.ignored"
 WARN  Moving @radix-ui/react-menubar that was installed by a different package manager to "node_modules/.ignored"
 WARN  Moving @radix-ui/react-navigation-menu that was installed by a different package manager to "node_modules/.ignored"
 WARN  Moving @radix-ui/react-popover that was installed by a different package manager to "node_modules/.ignored"
 WARN  Moving @radix-ui/react-progress that was installed by a different package manager to "node_modules/.ignored"
 WARN  Moving @radix-ui/react-radio-group that was installed by a different package manager to "node_modules/.ignored"
 WARN  Moving @radix-ui/react-scroll-area that was installed by a different package manager to "node_modules/.ignored"
 WARN  Moving @radix-ui/react-select that was installed by a different package manager to "node_modules/.ignored"
 WARN  Moving @radix-ui/react-separator that was installed by a different package manager to "node_modules/.ignored"
 WARN  Moving @radix-ui/react-slider that was installed by a different package manager to "node_modules/.ignored"
 WARN  Moving @radix-ui/react-slot that was installed by a different package manager to "node_modules/.ignored"
 WARN  Moving @radix-ui/react-switch that was installed by a different package manager to "node_modules/.ignored"
 WARN  Moving @radix-ui/react-tabs that was installed by a different package manager to "node_modules/.ignored"
 WARN  Moving @radix-ui/react-toast that was installed by a different package manager to "node_modules/.ignored"
 WARN  Moving @radix-ui/react-toggle that was installed by a different package manager to "node_modules/.ignored"
 WARN  Moving @radix-ui/react-toggle-group that was installed by a different package manager to "node_modules/.ignored"
 WARN  Moving @radix-ui/react-tooltip that was installed by a different package manager to "node_modules/.ignored"
 WARN  Moving @uiw/react-codemirror that was installed by a different package manager to "node_modules/.ignored"
 WARN  Moving @xyflow/react that was installed by a different package manager to "node_modules/.ignored"
 WARN  Moving ag-grid-community that was installed by a different package manager to "node_modules/.ignored"
 WARN  Moving ag-grid-react that was installed by a different package manager to "node_modules/.ignored"
 WARN  Moving autoprefixer that was installed by a different package manager to "node_modules/.ignored"
 WARN  Moving class-variance-authority that was installed by a different package manager to "node_modules/.ignored"
 WARN  Moving clsx that was installed by a different package manager to "node_modules/.ignored"
 WARN  Moving cmdk that was installed by a different package manager to "node_modules/.ignored"
 WARN  Moving codemirror that was installed by a different package manager to "node_modules/.ignored"
 WARN  Moving date-fns that was installed by a different package manager to "node_modules/.ignored"
 WARN  Moving embla-carousel-react that was installed by a different package manager to "node_modules/.ignored"
 WARN  Moving geist that was installed by a different package manager to "node_modules/.ignored"
 WARN  Moving input-otp that was installed by a different package manager to "node_modules/.ignored"
 WARN  Moving lucide-react that was installed by a different package manager to "node_modules/.ignored"
 WARN  Moving next that was installed by a different package manager to "node_modules/.ignored"
 WARN  Moving next-themes that was installed by a different package manager to "node_modules/.ignored"
 WARN  Moving react that was installed by a different package manager to "node_modules/.ignored"
 WARN  Moving react-cron-generator that was installed by a different package manager to "node_modules/.ignored"
 WARN  Moving react-day-picker that was installed by a different package manager to "node_modules/.ignored"
 WARN  Moving react-dom that was installed by a different package manager to "node_modules/.ignored"
 WARN  Moving react-hook-form that was installed by a different package manager to "node_modules/.ignored"
 WARN  Moving react-resizable-panels that was installed by a different package manager to "node_modules/.ignored"
 WARN  Moving recharts that was installed by a different package manager to "node_modules/.ignored"
 WARN  Moving sonner that was installed by a different package manager to "node_modules/.ignored"
 WARN  Moving tailwind-merge that was installed by a different package manager to "node_modules/.ignored"
 WARN  Moving tailwindcss-animate that was installed by a different package manager to "node_modules/.ignored"
 WARN  Moving vaul that was installed by a different package manager to "node_modules/.ignored"
 WARN  Moving zod that was installed by a different package manager to "node_modules/.ignored"
Progress: resolved 1, reused 0, downloaded 0, added 0
Progress: resolved 26, reused 2, downloaded 1, added 0
Progress: resolved 47, reused 8, downloaded 9, added 0
Progress: resolved 66, reused 28, downloaded 16, added 0
Progress: resolved 82, reused 39, downloaded 30, added 0
Progress: resolved 128, reused 52, downloaded 41, added 0
Progress: resolved 156, reused 86, downloaded 44, added 0
Progress: resolved 190, reused 106, downloaded 63, added 0
Progress: resolved 225, reused 117, downloaded 73, added 0
Progress: resolved 276, reused 148, downloaded 84, added 0
Progress: resolved 323, reused 177, downloaded 95, added 0
Packages: +287
++++++++++++++++++++++++++++++++++++++++++++++++++++++++++++++++++++++++++++++++
Progress: resolved 327, reused 180, downloaded 102, added 281
Progress: resolved 327, reused 180, downloaded 104, added 283
Progress: resolved 327, reused 180, downloaded 105, added 283
Progress: resolved 327, reused 180, downloaded 105, added 284
Progress: resolved 327, reused 180, downloaded 106, added 285
Progress: resolved 327, reused 180, downloaded 107, added 285
Progress: resolved 327, reused 180, downloaded 108, added 287, done
 WARN  Issues with peer dependencies found
.
└─┬ vaul 0.9.9
  ├── ✕ unmet peer react@"^16.8 || ^17.0 || ^18.0": found 19.1.1
  └── ✕ unmet peer react-dom@"^16.8 || ^17.0 || ^18.0": found 19.1.1

dependencies:
+ @babel/runtime 7.28.4
+ @codemirror/lang-javascript 6.2.4
+ @codemirror/lang-jinja 6.0.0
+ @codemirror/lang-json 6.0.2
+ @codemirror/legacy-modes 6.5.1
+ @codemirror/state 6.5.2
+ @codemirror/theme-one-dark 6.1.3
+ @codemirror/view 6.38.3
+ @hookform/resolvers 3.10.0 (5.2.2 is available)
+ @jsonforms/core 3.6.0
+ @jsonforms/react 3.6.0
+ @jsonforms/vanilla-renderers 3.6.0
+ @radix-ui/react-accordion 1.2.2 (1.2.11 is available)
+ @radix-ui/react-alert-dialog 1.1.4 (1.1.14 is available)
+ @radix-ui/react-aspect-ratio 1.1.1 (1.1.7 is available)
+ @radix-ui/react-avatar 1.1.2 (1.1.10 is available)
+ @radix-ui/react-checkbox 1.3.3
+ @radix-ui/react-collapsible 1.1.2 (1.1.11 is available)
+ @radix-ui/react-context-menu 2.2.4 (2.2.15 is available)
+ @radix-ui/react-dialog 1.1.15
+ @radix-ui/react-dropdown-menu 2.1.16
+ @radix-ui/react-hover-card 1.1.4 (1.1.14 is available)
+ @radix-ui/react-label 2.1.7
+ @radix-ui/react-menubar 1.1.4 (1.1.15 is available)
+ @radix-ui/react-navigation-menu 1.2.3 (1.2.13 is available)
+ @radix-ui/react-popover 1.1.15
+ @radix-ui/react-progress 1.1.1 (1.1.7 is available)
+ @radix-ui/react-radio-group 1.2.2 (1.3.7 is available)
+ @radix-ui/react-scroll-area 1.2.10
+ @radix-ui/react-select 2.1.4 (2.2.5 is available)
+ @radix-ui/react-separator 1.1.7
+ @radix-ui/react-slider 1.2.2 (1.3.5 is available)
+ @radix-ui/react-slot 1.2.3
+ @radix-ui/react-switch 1.1.2 (1.2.5 is available)
+ @radix-ui/react-tabs 1.1.2 (1.1.12 is available)
+ @radix-ui/react-toast 1.2.4 (1.2.14 is available)
+ @radix-ui/react-toggle 1.1.1 (1.1.9 is available)
+ @radix-ui/react-toggle-group 1.1.1 (1.1.10 is available)
+ @radix-ui/react-tooltip 1.1.6 (1.2.7 is available)
+ @uiw/react-codemirror 4.25.2
+ @xyflow/react 12.8.5
+ ag-grid-community 34.2.0
+ ag-grid-react 34.2.0
+ autoprefixer 10.4.21
+ class-variance-authority 0.7.1
+ clsx 2.1.1
+ cmdk 1.1.1
+ codemirror 6.0.2
+ date-fns 4.1.0
+ embla-carousel-react 8.5.1 (8.6.0 is available)
+ geist 1.5.1
+ input-otp 1.4.1 (1.4.2 is available)
+ lucide-react 0.454.0 (0.544.0 is available)
+ next 15.2.4 (15.4.4 is available)
+ next-themes 0.4.6
+ react 19.1.1
+ react-cron-generator 2.0.20
+ react-day-picker 9.8.0
+ react-dom 19.1.1
+ react-hook-form 7.63.0
+ react-resizable-panels 2.1.9 (3.0.6 is available)
+ recharts 2.15.4 (3.1.0 is available)
+ sonner 1.7.4 (2.0.7 is available)
+ tailwind-merge 2.6.0 (3.3.1 is available)
+ tailwindcss-animate 1.0.7
+ vaul 0.9.9 (1.1.2 is available)
+ zod 3.25.67 (4.0.10 is available)

devDependencies:
+ @tailwindcss/postcss 4.1.13
+ @types/node 22.18.6 (24.5.2 is available)
+ @types/react 19.1.13
+ @types/react-dom 19.1.9
+ postcss 8.5.6
+ tailwindcss 4.1.13
+ tw-animate-css 1.3.3 (1.4.0 is available)
+ typescript 5.9.2

╭ Warning ─────────────────────────────────────────────────────────────────────╮
│                                                                              │
│   Ignored build scripts: @tailwindcss/oxide, sharp.                          │
│   Run "pnpm approve-builds" to pick which dependencies should be allowed     │
│   to run scripts.                                                            │
│                                                                              │
╰──────────────────────────────────────────────────────────────────────────────╯

Done in 18.8s using pnpm v10.17.1
